2023-11-01 12:00:32,809 - DEBUG - Nhớ debug nha!!!
2023-11-01 12:00:32,809 - INFO - Check kĩ thông tin đi
2023-11-01 12:00:32,809 - WARNING - Đây là cảnh báo cho bạn nè!!!
2023-11-01 12:00:32,809 - ERROR - Lỗi chương trình rồi bạn ơi!!!
2023-11-01 12:00:32,809 - CRITICAL - Bạn đã làm cái gì vậy?
2023-11-01 12:01:33,505 - DEBUG - Nhớ debug nha!!!
2023-11-01 12:01:33,505 - INFO - Check kĩ thông tin đi
2023-11-01 12:01:33,505 - WARNING - Đây là cảnh báo cho bạn nè!!!
2023-11-01 12:01:33,505 - ERROR - Lỗi chương trình rồi bạn ơi!!!
2023-11-01 12:01:33,505 - CRITICAL - Bạn đã làm cái gì vậy?
2023-11-01 12:06:01,359 - DEBUG - Nhớ debug nha!!!
2023-11-01 12:06:01,359 - INFO - Check kĩ thông tin đi
2023-11-01 12:06:01,359 - WARNING - Đây là cảnh báo cho bạn nè!!!
2023-11-01 12:06:01,359 - ERROR - Lỗi chương trình rồi bạn ơi!!!
2023-11-01 12:06:01,359 - CRITICAL - Bạn đã làm cái gì vậy?
2023-11-01 12:07:03,926 - DEBUG - Nhớ debug nha!!!
2023-11-01 12:07:03,927 - INFO - Check kĩ thông tin đi
2023-11-01 12:07:03,927 - WARNING - Đây là cảnh báo cho bạn nè!!!
2023-11-01 12:07:03,927 - ERROR - Lỗi chương trình rồi bạn ơi!!!
2023-11-01 12:07:03,927 - CRITICAL - Bạn đã làm cái gì vậy?
2023-11-01 12:08:28,976 - DEBUG - Nhớ debug nha!!!
2023-11-01 12:08:28,976 - INFO - Check kĩ thông tin đi
2023-11-01 12:08:28,976 - WARNING - Đây là cảnh báo cho bạn nè!!!
2023-11-01 12:08:28,976 - ERROR - Lỗi chương trình rồi bạn ơi!!!
2023-11-01 12:08:28,976 - CRITICAL - Bạn đã làm cái gì vậy?
2023-11-01 12:08:47,598 - DEBUG - Nhớ debug nha!!!
2023-11-01 12:08:47,598 - INFO - Check kĩ thông tin đi
2023-11-01 12:08:47,598 - WARNING - Đây là cảnh báo cho bạn nè!!!
2023-11-01 12:08:47,598 - ERROR - Lỗi chương trình rồi bạn ơi!!!
2023-11-01 12:08:47,598 - CRITICAL - Bạn đã làm cái gì vậy?
2023-11-01 12:08:54,924 - DEBUG - Nhớ debug nha!!!
2023-11-01 12:08:54,924 - INFO - Check kĩ thông tin đi
2023-11-01 12:08:54,924 - WARNING - Đây là cảnh báo cho bạn nè!!!
2023-11-01 12:08:54,924 - ERROR - Lỗi chương trình rồi bạn ơi!!!
2023-11-01 12:08:54,924 - CRITICAL - Bạn đã làm cái gì vậy?
2023-11-01 12:09:09,004 - DEBUG - Nhớ debug nha!!!
2023-11-01 12:09:09,004 - INFO - Check kĩ thông tin đi
2023-11-01 12:09:09,004 - WARNING - Đây là cảnh báo cho bạn nè!!!
2023-11-01 12:09:09,004 - ERROR - Lỗi chương trình rồi bạn ơi!!!
2023-11-01 12:09:09,004 - CRITICAL - Bạn đã làm cái gì vậy?
2023-11-01 12:10:58,225 - DEBUG - Nhớ debug nha!!!
2023-11-01 12:10:58,225 - INFO - Check kĩ thông tin đi
2023-11-01 12:10:58,226 - WARNING - Đây là cảnh báo cho bạn nè!!!
2023-11-01 12:10:58,226 - ERROR - Lỗi chương trình rồi bạn ơi!!!
2023-11-01 12:10:58,226 - CRITICAL - Bạn đã làm cái gì vậy?
2023-11-01 13:07:06,531 - DEBUG - Nhớ debug nha!!!
2023-11-01 13:07:06,531 - INFO - Check kĩ thông tin đi
2023-11-01 13:07:06,531 - WARNING - Đây là cảnh báo cho bạn nè!!!
2023-11-01 13:07:06,531 - ERROR - Lỗi chương trình rồi bạn ơi!!!
2023-11-01 13:07:06,531 - CRITICAL - Bạn đã làm cái gì vậy?
2023-11-01 13:07:55,956 - DEBUG - Nhớ debug nha!!!
2023-11-01 13:07:55,956 - INFO - Check kĩ thông tin đi
2023-11-01 13:07:55,956 - WARNING - Đây là cảnh báo cho bạn nè!!!
2023-11-01 13:07:55,956 - ERROR - Lỗi chương trình rồi bạn ơi!!!
2023-11-01 13:07:55,956 - CRITICAL - Bạn đã làm cái gì vậy?
2023-11-01 13:08:30,562 - DEBUG - Nhớ debug nha!!!
2023-11-01 13:08:30,562 - INFO - Check kĩ thông tin đi
2023-11-01 13:08:30,562 - WARNING - Đây là cảnh báo cho bạn nè!!!
2023-11-01 13:08:30,562 - ERROR - Lỗi chương trình rồi bạn ơi!!!
2023-11-01 13:08:30,562 - CRITICAL - Bạn đã làm cái gì vậy?
2023-11-01 14:34:13,675 - DEBUG - Nhớ debug nha!!!
2023-11-01 14:34:13,675 - INFO - Check kĩ thông tin đi
2023-11-01 14:34:13,676 - WARNING - Đây là cảnh báo cho bạn nè!!!
2023-11-01 14:34:13,676 - ERROR - Lỗi chương trình rồi bạn ơi!!!
2023-11-01 14:34:13,676 - CRITICAL - Bạn đã làm cái gì vậy?
2023-11-01 14:40:23,950 - DEBUG - Nhớ debug nha!!!
2023-11-01 14:40:23,950 - INFO - Check kĩ thông tin đi
2023-11-01 14:40:23,950 - WARNING - Đây là cảnh báo cho bạn nè!!!
2023-11-01 14:40:23,950 - ERROR - Lỗi chương trình rồi bạn ơi!!!
2023-11-01 14:40:23,951 - CRITICAL - Bạn đã làm cái gì vậy?
2023-11-29 07:41:24,739 - DEBUG - Nhớ debug nha!!!
2023-11-29 07:41:24,739 - INFO - Check kĩ thông tin đi
2023-11-29 07:41:24,739 - WARNING - Đây là cảnh báo cho bạn nè!!!
2023-11-29 07:41:24,739 - ERROR - Lỗi chương trình rồi bạn ơi!!!
2023-11-29 07:41:24,739 - CRITICAL - Bạn đã làm cái gì vậy?
2023-11-29 07:42:54,937 - DEBUG - Nhớ debug nha!!!
2023-11-29 07:42:54,937 - INFO - Check kĩ thông tin đi
2023-11-29 07:42:54,937 - WARNING - Đây là cảnh báo cho bạn nè!!!
2023-11-29 07:42:54,937 - ERROR - Lỗi chương trình rồi bạn ơi!!!
2023-11-29 07:42:54,937 - CRITICAL - Bạn đã làm cái gì vậy?
2023-11-29 08:14:05,352 - DEBUG - Nhớ debug nha!!!
2023-11-29 08:14:05,352 - INFO - Check kĩ thông tin đi
2023-11-29 08:14:05,352 - WARNING - Đây là cảnh báo cho bạn nè!!!
2023-11-29 08:14:05,352 - ERROR - Lỗi chương trình rồi bạn ơi!!!
2023-11-29 08:14:05,352 - CRITICAL - Bạn đã làm cái gì vậy?
2023-11-29 08:18:10,656 - DEBUG - Nhớ debug nha!!!
2023-11-29 08:18:10,656 - INFO - Check kĩ thông tin đi
2023-11-29 08:18:10,656 - WARNING - Đây là cảnh báo cho bạn nè!!!
2023-11-29 08:18:10,656 - ERROR - Lỗi chương trình rồi bạn ơi!!!
2023-11-29 08:18:10,656 - CRITICAL - Bạn đã làm cái gì vậy?
2023-11-29 08:18:35,990 - DEBUG - Nhớ debug nha!!!
2023-11-29 08:18:35,990 - INFO - Check kĩ thông tin đi
2023-11-29 08:18:35,990 - WARNING - Đây là cảnh báo cho bạn nè!!!
2023-11-29 08:18:35,990 - ERROR - Lỗi chương trình rồi bạn ơi!!!
2023-11-29 08:18:35,990 - CRITICAL - Bạn đã làm cái gì vậy?
2023-11-29 08:33:21,024 - DEBUG - Nhớ debug nha!!!
2023-11-29 08:33:21,024 - INFO - Check kĩ thông tin đi
2023-11-29 08:33:21,024 - WARNING - Đây là cảnh báo cho bạn nè!!!
2023-11-29 08:33:21,024 - ERROR - Lỗi chương trình rồi bạn ơi!!!
2023-11-29 08:33:21,024 - CRITICAL - Bạn đã làm cái gì vậy?
